c:\users\lukve\documents\projet_visual\liste_chaine\liste_chaine\x64\debug\vc145.pdb
c:\users\lukve\documents\projet_visual\liste_chaine\liste_chaine\x64\debug\vc145.idb
c:\users\lukve\documents\projet_visual\liste_chaine\liste_chaine\x64\debug\main.obj
c:\users\lukve\documents\projet_visual\liste_chaine\liste_chaine\x64\debug\fonction.obj
c:\users\lukve\documents\projet_visual\liste_chaine\x64\debug\liste_chaine.pdb
c:\users\lukve\documents\projet_visual\liste_chaine\liste_chaine\x64\debug\liste_chaine.tlog\cl.command.1.tlog
c:\users\lukve\documents\projet_visual\liste_chaine\liste_chaine\x64\debug\liste_chaine.tlog\cl.read.1.tlog
c:\users\lukve\documents\projet_visual\liste_chaine\liste_chaine\x64\debug\liste_chaine.tlog\cl.write.1.tlog
c:\users\lukve\documents\projet_visual\liste_chaine\liste_chaine\x64\debug\liste_chaine.tlog\link-cvtres.read.1.tlog
c:\users\lukve\documents\projet_visual\liste_chaine\liste_chaine\x64\debug\liste_chaine.tlog\link-cvtres.write.1.tlog
c:\users\lukve\documents\projet_visual\liste_chaine\liste_chaine\x64\debug\liste_chaine.tlog\link-rc.read.1.tlog
c:\users\lukve\documents\projet_visual\liste_chaine\liste_chaine\x64\debug\liste_chaine.tlog\link-rc.write.1.tlog
c:\users\lukve\documents\projet_visual\liste_chaine\liste_chaine\x64\debug\liste_chaine.tlog\link.command.1.tlog
c:\users\lukve\documents\projet_visual\liste_chaine\liste_chaine\x64\debug\liste_chaine.tlog\link.read.1.tlog
c:\users\lukve\documents\projet_visual\liste_chaine\liste_chaine\x64\debug\liste_chaine.tlog\link.read.2.tlog
c:\users\lukve\documents\projet_visual\liste_chaine\liste_chaine\x64\debug\liste_chaine.tlog\link.read.3.tlog
c:\users\lukve\documents\projet_visual\liste_chaine\liste_chaine\x64\debug\liste_chaine.tlog\link.read.4.tlog
c:\users\lukve\documents\projet_visual\liste_chaine\liste_chaine\x64\debug\liste_chaine.tlog\link.read.5.tlog
c:\users\lukve\documents\projet_visual\liste_chaine\liste_chaine\x64\debug\liste_chaine.tlog\link.read.6.tlog
c:\users\lukve\documents\projet_visual\liste_chaine\liste_chaine\x64\debug\liste_chaine.tlog\link.write.1.tlog
